c:\users\ed\source\repos\hfvbscontroller\hfvbscontrollerwrapper\x64\debug\hfvbscontrollerwrapper.pch
c:\users\ed\source\repos\hfvbscontroller\hfvbscontrollerwrapper\x64\debug\vc141.pdb
c:\users\ed\source\repos\hfvbscontroller\hfvbscontrollerwrapper\x64\debug\stdafx.obj
c:\users\ed\source\repos\hfvbscontroller\hfvbscontrollerwrapper\x64\debug\hfvbscontrollerwrapper.obj
c:\users\ed\source\repos\hfvbscontroller\hfvbscontrollerwrapper\x64\debug\controllerresult.obj
c:\users\ed\source\repos\hfvbscontroller\hfvbscontrollerwrapper\x64\debug\assemblyinfo.obj
c:\users\ed\source\repos\hfvbscontroller\hfvbscontrollerwrapper\x64\debug\.netframework,version=v4.5.assemblyattributes.obj
c:\users\ed\source\repos\hfvbscontroller\hfvbscontrollerwrapper\x64\debug\.netframework,version=v4.5.assemblyattributes.asm
c:\users\ed\source\repos\hfvbscontroller\hfvbscontrollerwrapper\x64\debug\app.res
c:\users\ed\source\repos\hfvbscontroller\x64\debug\hfvbscontrollerwrapper.pdb
c:\users\ed\source\repos\hfvbscontroller\hfvbscontrollerwrapper\x64\debug\hfvbscon.4e918177.tlog\cl.command.1.tlog
c:\users\ed\source\repos\hfvbscontroller\hfvbscontrollerwrapper\x64\debug\hfvbscon.4e918177.tlog\cl.read.1.tlog
c:\users\ed\source\repos\hfvbscontroller\hfvbscontrollerwrapper\x64\debug\hfvbscon.4e918177.tlog\cl.write.1.tlog
c:\users\ed\source\repos\hfvbscontroller\hfvbscontrollerwrapper\x64\debug\hfvbscon.4e918177.tlog\link.22312-cvtres.read.1.tlog
c:\users\ed\source\repos\hfvbscontroller\hfvbscontrollerwrapper\x64\debug\hfvbscon.4e918177.tlog\link.22312-cvtres.write.1.tlog
c:\users\ed\source\repos\hfvbscontroller\hfvbscontrollerwrapper\x64\debug\hfvbscon.4e918177.tlog\link.22312-rc.read.1.tlog
c:\users\ed\source\repos\hfvbscontroller\hfvbscontrollerwrapper\x64\debug\hfvbscon.4e918177.tlog\link.22312-rc.write.1.tlog
c:\users\ed\source\repos\hfvbscontroller\hfvbscontrollerwrapper\x64\debug\hfvbscon.4e918177.tlog\link.22312.read.1.tlog
c:\users\ed\source\repos\hfvbscontroller\hfvbscontrollerwrapper\x64\debug\hfvbscon.4e918177.tlog\link.22312.write.1.tlog
c:\users\ed\source\repos\hfvbscontroller\hfvbscontrollerwrapper\x64\debug\hfvbscon.4e918177.tlog\link.7628-cvtres.read.1.tlog
c:\users\ed\source\repos\hfvbscontroller\hfvbscontrollerwrapper\x64\debug\hfvbscon.4e918177.tlog\link.7628-cvtres.write.1.tlog
c:\users\ed\source\repos\hfvbscontroller\hfvbscontrollerwrapper\x64\debug\hfvbscon.4e918177.tlog\link.7628-rc.read.1.tlog
c:\users\ed\source\repos\hfvbscontroller\hfvbscontrollerwrapper\x64\debug\hfvbscon.4e918177.tlog\link.7628-rc.write.1.tlog
c:\users\ed\source\repos\hfvbscontroller\hfvbscontrollerwrapper\x64\debug\hfvbscon.4e918177.tlog\link.7628.read.1.tlog
c:\users\ed\source\repos\hfvbscontroller\hfvbscontrollerwrapper\x64\debug\hfvbscon.4e918177.tlog\link.7628.write.1.tlog
c:\users\ed\source\repos\hfvbscontroller\hfvbscontrollerwrapper\x64\debug\hfvbscon.4e918177.tlog\link.command.1.tlog
c:\users\ed\source\repos\hfvbscontroller\hfvbscontrollerwrapper\x64\debug\hfvbscon.4e918177.tlog\link.read.1.tlog
c:\users\ed\source\repos\hfvbscontroller\hfvbscontrollerwrapper\x64\debug\hfvbscon.4e918177.tlog\link.write.1.tlog
c:\users\ed\source\repos\hfvbscontroller\hfvbscontrollerwrapper\x64\debug\hfvbscon.4e918177.tlog\metagen.read.1.tlog
c:\users\ed\source\repos\hfvbscontroller\hfvbscontrollerwrapper\x64\debug\hfvbscon.4e918177.tlog\metagen.write.1.tlog
c:\users\ed\source\repos\hfvbscontroller\hfvbscontrollerwrapper\x64\debug\hfvbscon.4e918177.tlog\rc.command.1.tlog
c:\users\ed\source\repos\hfvbscontroller\hfvbscontrollerwrapper\x64\debug\hfvbscon.4e918177.tlog\rc.read.1.tlog
c:\users\ed\source\repos\hfvbscontroller\hfvbscontrollerwrapper\x64\debug\hfvbscon.4e918177.tlog\rc.write.1.tlog
